


ARM Macro Assembler    Page 1 


    1 00000000         ; Print.s
    2 00000000         ; Student names: change this to your names or look very 
                       silly
    3 00000000         ; Last modification date: change this to the last modifi
                       cation date or look very silly
    4 00000000         ; Runs on LM4F120 or TM4C123
    5 00000000         ; EE319K lab 7 device driver for any LCD
    6 00000000         ;
    7 00000000         ; As part of Lab 7, students need to implement these LCD
                       _OutDec and LCD_OutFix
    8 00000000         ; This driver assumes two low-level LCD functions
    9 00000000         ; ST7735_OutChar   outputs a single 8-bit ASCII characte
                       r
   10 00000000         ; ST7735_OutString outputs a null-terminated string 
   11 00000000         
   12 00000000                 IMPORT           ST7735_OutChar
   13 00000000                 IMPORT           ST7735_OutString
   14 00000000                 EXPORT           LCD_OutDec
   15 00000000                 EXPORT           LCD_OutFix
   16 00000000         
   17 00000000                 AREA             |.text|, CODE, READONLY, ALIGN=
2
   18 00000000                 THUMB
   19 00000000         
   20 00000000         ;-----------------------LCD_OutDec----------------------
                       -
   21 00000000         ; Output a 32-bit number in unsigned decimal format
   22 00000000         ; Input: R0 (call by value) 32-bit unsigned number
   23 00000000         ; Output: none
   24 00000000         ; Invariables: This function must not permanently modify
                        registers R4 to R11
   25 00000000         LCD_OutDec
   26 00000000         
   27 00000000 00000000 
                       Remainder
                               EQU              0           ; binding
   28 00000000 00000004 
                       Count   EQU              4
   29 00000000         
   30 00000000 B082            SUB              SP, #8
   31 00000002 46EC            MOV              R12, SP     ; stack frame point
                                                            er
   32 00000004 F242 7210       MOV              R2, #10000  ; 1 000 000 000
   33 00000008 FB02 F202       MUL              R2, R2, R2
   34 0000000C F04F 010A       MOV              R1, #10
   35 00000010 FB02 F201       MUL              R2, R2, R1
   36 00000014 4601            MOV              R1, R0
   37 00000016 FBB1 F0F2       UDIV             R0, R1, R2
   38 0000001A FB00 F302       MUL              R3, R0, R2
   39 0000001E EBA1 0103       SUB              R1, R1, R3
   40 00000022 F8CC 1000       STR              R1, [R12, #Remainder]
   41 00000026 2800            CMP              R0, #0
   42 00000028 F04F 0300       MOV              R3, #0
   43 0000002C F8CC 3004       STR              R3, [R12, #Count]
   44 00000030 D00A            BEQ              second      ; the first digit i
                                                            s a 0, do not print
                                                            
   45 00000032 F04F 0301       MOV              R3, #1      ; increase the coun
                                                            t



ARM Macro Assembler    Page 2 


   46 00000036 F8CC 3004       STR              R3, [R12, #Count]
   47 0000003A F100 0030       ADD              R0, #0x30
   48 0000003E B500            PUSH             {LR}
   49 00000040 F7FF FFFE       BL               ST7735_OutChar ; prints out the
                                                             first digit
   50 00000044 F85D EB04       POP              {LR}
   51 00000048         
   52 00000048         second
   53 00000048 F242 7210       MOV              R2, #10000  ; 100 000 000
   54 0000004C FB02 F202       MUL              R2, R2, R2
   55 00000050 F8DC 1000       LDR              R1, [R12, #Remainder]
   56 00000054 FBB1 F0F2       UDIV             R0, R1, R2
   57 00000058 FB00 F302       MUL              R3, R0, R2
   58 0000005C EBA1 0103       SUB              R1, R1, R3
   59 00000060 F8CC 1000       STR              R1, [R12, #Remainder]
   60 00000064 F8DC 1004       LDR              R1, [R12, #Count]
   61 00000068 4401            ADD              R1, R0
   62 0000006A 2900            CMP              R1, #0      ; if the count and 
                                                            the curret digit ar
                                                            e both zero, we do 
                                                            not print anything
   63 0000006C D00A            BEQ              third
   64 0000006E F04F 0301       MOV              R3, #1
   65 00000072 F8CC 3004       STR              R3, [R12, #Count]
   66 00000076 F100 0030       ADD              R0, #0x30
   67 0000007A B500            PUSH             {LR}
   68 0000007C F7FF FFFE       BL               ST7735_OutChar ; prints out the
                                                             second digit
   69 00000080 F85D EB04       POP              {LR}
   70 00000084         
   71 00000084         third
   72 00000084 F44F 727A       MOV              R2, #1000   ; 10 000 000
   73 00000088 FB02 F202       MUL              R2, R2, R2
   74 0000008C F04F 010A       MOV              R1, #10
   75 00000090 FB02 F201       MUL              R2, R2, R1
   76 00000094 F8DC 1000       LDR              R1, [R12, #Remainder]
   77 00000098 FBB1 F0F2       UDIV             R0, R1, R2
   78 0000009C FB00 F302       MUL              R3, R0, R2
   79 000000A0 EBA1 0103       SUB              R1, R1, R3
   80 000000A4 F8CC 1000       STR              R1, [R12, #Remainder]
   81 000000A8 F8DC 1004       LDR              R1, [R12, #Count]
   82 000000AC 4401            ADD              R1, R0
   83 000000AE 2900            CMP              R1, #0      ; if the count and 
                                                            the curret digit ar
                                                            e both zero, we do 
                                                            not print anything
   84 000000B0 D00A            BEQ              fourth
   85 000000B2 F04F 0301       MOV              R3, #1
   86 000000B6 F8CC 3004       STR              R3, [R12, #Count]
   87 000000BA F100 0030       ADD              R0, #0x30
   88 000000BE B500            PUSH             {LR}
   89 000000C0 F7FF FFFE       BL               ST7735_OutChar ; prints out the
                                                             second digit
   90 000000C4 F85D EB04       POP              {LR}
   91 000000C8         
   92 000000C8         fourth
   93 000000C8 F44F 727A       MOV              R2, #1000   ; 1 000 000
   94 000000CC FB02 F202       MUL              R2, R2, R2
   95 000000D0 F8DC 1000       LDR              R1, [R12, #Remainder]



ARM Macro Assembler    Page 3 


   96 000000D4 FBB1 F0F2       UDIV             R0, R1, R2
   97 000000D8 FB00 F302       MUL              R3, R0, R2
   98 000000DC EBA1 0103       SUB              R1, R1, R3
   99 000000E0 F8CC 1000       STR              R1, [R12, #Remainder]
  100 000000E4 F8DC 1004       LDR              R1, [R12, #Count]
  101 000000E8 4401            ADD              R1, R0
  102 000000EA 2900            CMP              R1, #0      ; if the count and 
                                                            the curret digit ar
                                                            e both zero, we do 
                                                            not print anything
  103 000000EC D00A            BEQ              fifth
  104 000000EE F04F 0301       MOV              R3, #1
  105 000000F2 F8CC 3004       STR              R3, [R12, #Count]
  106 000000F6 F100 0030       ADD              R0, #0x30
  107 000000FA B500            PUSH             {LR}
  108 000000FC F7FF FFFE       BL               ST7735_OutChar ; prints out the
                                                             second digit
  109 00000100 F85D EB04       POP              {LR}
  110 00000104         
  111 00000104         fifth
  112 00000104 F44F 727A       MOV              R2, #1000   ; 100 000
  113 00000108 F04F 0164       MOV              R1, #100
  114 0000010C FB02 F201       MUL              R2, R2, R1
  115 00000110 F8DC 1000       LDR              R1, [R12, #Remainder]
  116 00000114 FBB1 F0F2       UDIV             R0, R1, R2
  117 00000118 FB00 F302       MUL              R3, R0, R2
  118 0000011C EBA1 0103       SUB              R1, R1, R3
  119 00000120 F8CC 1000       STR              R1, [R12, #Remainder]
  120 00000124 F8DC 1004       LDR              R1, [R12, #Count]
  121 00000128 4401            ADD              R1, R0
  122 0000012A 2900            CMP              R1, #0      ; if the count and 
                                                            the curret digit ar
                                                            e both zero, we do 
                                                            not print anything
  123 0000012C D00A            BEQ              sixth
  124 0000012E F04F 0301       MOV              R3, #1
  125 00000132 F8CC 3004       STR              R3, [R12, #Count]
  126 00000136 F100 0030       ADD              R0, #0x30
  127 0000013A B500            PUSH             {LR}
  128 0000013C F7FF FFFE       BL               ST7735_OutChar ; prints out the
                                                             second digit
  129 00000140 F85D EB04       POP              {LR}
  130 00000144         
  131 00000144         sixth
  132 00000144 F242 7210       MOV              R2, #10000
  133 00000148 F8DC 1000       LDR              R1, [R12, #Remainder]
  134 0000014C FBB1 F0F2       UDIV             R0, R1, R2
  135 00000150 FB00 F302       MUL              R3, R0, R2
  136 00000154 EBA1 0103       SUB              R1, R1, R3
  137 00000158 F8CC 1000       STR              R1, [R12, #Remainder]
  138 0000015C F8DC 1004       LDR              R1, [R12, #Count]
  139 00000160 4401            ADD              R1, R0
  140 00000162 2900            CMP              R1, #0      ; if the count and 
                                                            the curret digit ar
                                                            e both zero, we do 
                                                            not print anything
  141 00000164 D00A            BEQ              seventh
  142 00000166 F04F 0301       MOV              R3, #1
  143 0000016A F8CC 3004       STR              R3, [R12, #Count]



ARM Macro Assembler    Page 4 


  144 0000016E F100 0030       ADD              R0, #0x30
  145 00000172 B500            PUSH             {LR}
  146 00000174 F7FF FFFE       BL               ST7735_OutChar
  147 00000178 F85D EB04       POP              {LR}
  148 0000017C         
  149 0000017C         seventh
  150 0000017C F44F 727A       MOV              R2, #1000
  151 00000180 F8DC 1000       LDR              R1, [R12, #Remainder]
  152 00000184 FBB1 F0F2       UDIV             R0, R1, R2
  153 00000188 FB00 F302       MUL              R3, R0, R2
  154 0000018C EBA1 0103       SUB              R1, R1, R3
  155 00000190 F8CC 1000       STR              R1, [R12, #Remainder]
  156 00000194 F8DC 1004       LDR              R1, [R12, #Count]
  157 00000198 4401            ADD              R1, R0
  158 0000019A 2900            CMP              R1, #0      ; if the count and 
                                                            the curret digit ar
                                                            e both zero, we do 
                                                            not print anything
  159 0000019C D00A            BEQ              eighth
  160 0000019E F04F 0301       MOV              R3, #1
  161 000001A2 F8CC 3004       STR              R3, [R12, #Count]
  162 000001A6 F100 0030       ADD              R0, #0x30
  163 000001AA B500            PUSH             {LR}
  164 000001AC F7FF FFFE       BL               ST7735_OutChar
  165 000001B0 F85D EB04       POP              {LR}
  166 000001B4         
  167 000001B4         eighth
  168 000001B4 F04F 0264       MOV              R2, #100
  169 000001B8 F8DC 1000       LDR              R1, [R12, #Remainder]
  170 000001BC FBB1 F0F2       UDIV             R0, R1, R2
  171 000001C0 FB00 F302       MUL              R3, R0, R2
  172 000001C4 EBA1 0103       SUB              R1, R1, R3
  173 000001C8 F8CC 1000       STR              R1, [R12, #Remainder]
  174 000001CC F8DC 1004       LDR              R1, [R12, #Count]
  175 000001D0 4401            ADD              R1, R0
  176 000001D2 2900            CMP              R1, #0      ; if the count and 
                                                            the curret digit ar
                                                            e both zero, we do 
                                                            not print anything
  177 000001D4 D00A            BEQ              ninth
  178 000001D6 F04F 0301       MOV              R3, #1
  179 000001DA F8CC 3004       STR              R3, [R12, #Count]
  180 000001DE F100 0030       ADD              R0, #0x30
  181 000001E2 B500            PUSH             {LR}
  182 000001E4 F7FF FFFE       BL               ST7735_OutChar
  183 000001E8 F85D EB04       POP              {LR}
  184 000001EC         
  185 000001EC         ninth
  186 000001EC F04F 020A       MOV              R2, #10
  187 000001F0 F8DC 1000       LDR              R1, [R12, #Remainder]
  188 000001F4 FBB1 F0F2       UDIV             R0, R1, R2
  189 000001F8 FB00 F302       MUL              R3, R0, R2
  190 000001FC EBA1 0103       SUB              R1, R1, R3
  191 00000200 F8CC 1000       STR              R1, [R12, #Remainder]
  192 00000204 F8DC 1004       LDR              R1, [R12, #Count]
  193 00000208 4401            ADD              R1, R0
  194 0000020A 2900            CMP              R1, #0      ; if the count and 
                                                            the curret digit ar
                                                            e both zero, we do 



ARM Macro Assembler    Page 5 


                                                            not print anything
  195 0000020C D00A            BEQ              tenth
  196 0000020E F04F 0301       MOV              R3, #1
  197 00000212 F8CC 3004       STR              R3, [R12, #Count]
  198 00000216 F100 0030       ADD              R0, #0x30
  199 0000021A B500            PUSH             {LR}
  200 0000021C F7FF FFFE       BL               ST7735_OutChar
  201 00000220 F85D EB04       POP              {LR}
  202 00000224         
  203 00000224         tenth
  204 00000224 F8DC 0000       LDR              R0, [R12, #Remainder]
  205 00000228 F100 0030       ADD              R0, #0x30
  206 0000022C B500            PUSH             {LR}
  207 0000022E F7FF FFFE       BL               ST7735_OutChar
  208 00000232 F85D EB04       POP              {LR}
  209 00000236 B002            ADD              SP, #8
  210 00000238         
  211 00000238 4770            BX               LR
  212 0000023A                 PRESERVE8
  213 0000023A         ;* * * * * * * * End of LCD_OutDec * * * * * * * *
  214 0000023A         
  215 0000023A         ; -----------------------LCD _OutFix--------------------
                       --
  216 0000023A         ; Output characters to LCD display in fixed-point format
                       
  217 0000023A         ; unsigned decimal, resolution 0.001, range 0.000 to 9.9
                       99
  218 0000023A         ; Inputs:  R0 is an unsigned 32-bit number
  219 0000023A         ; Outputs: none
  220 0000023A         ; E.g., R0=0,    then output "0.000 "
  221 0000023A         ;       R0=3,    then output "0.003 "
  222 0000023A         ;       R0=89,   then output "0.089 "
  223 0000023A         ;       R0=123,  then output "0.123 "
  224 0000023A         ;       R0=9999, then output "9.999 "
  225 0000023A         ;       R0>9999, then output "*.*** "
  226 0000023A         ; Invariables: This function must not permanently modify
                        registers R4 to R11
  227 0000023A         LCD_OutFix
  228 0000023A         
  229 0000023A 00000000 
                       Remainder2
                               EQU              0           ; binding
  230 0000023A         
  231 0000023A F242 710F       MOV              R1, #9999
  232 0000023E 4288            CMP              R0, R1
  233 00000240 D84B            BHI              Over
  234 00000242         ;the first digit 
  235 00000242 B081            SUB              SP, #4
  236 00000244 46EC            MOV              R12, SP
  237 00000246 F44F 727A       MOV              R2, #1000
  238 0000024A 4601            MOV              R1, R0
  239 0000024C FBB1 F0F2       UDIV             R0, R1, R2
  240 00000250 FB00 F302       MUL              R3, R0, R2
  241 00000254 EBA1 0103       SUB              R1, R1, R3
  242 00000258 F8CC 1000       STR              R1, [R12, #Remainder2]
  243 0000025C F100 0030       ADD              R0, #0x30
  244 00000260 B500            PUSH             {LR}
  245 00000262 F7FF FFFE       BL               ST7735_OutChar ; prints out the
                                                             first digit



ARM Macro Assembler    Page 6 


  246 00000266 F85D EB04       POP              {LR}
  247 0000026A         ;the decimal point 
  248 0000026A F04F 002E       MOV              R0, #0x2E
  249 0000026E B500            PUSH             {LR}
  250 00000270 F7FF FFFE       BL               ST7735_OutChar ; prints out the
                                                             decimal point
  251 00000274 F85D EB04       POP              {LR}
  252 00000278         ;the second digit
  253 00000278 F8DC 1000       LDR              R1, [R12, #Remainder2]
  254 0000027C F04F 0264       MOV              R2, #100
  255 00000280 FBB1 F0F2       UDIV             R0, R1, R2
  256 00000284 FB00 F302       MUL              R3, R0, R2
  257 00000288 EBA1 0103       SUB              R1, R1, R3
  258 0000028C F8CC 1000       STR              R1, [R12, #Remainder2]
  259 00000290 F100 0030       ADD              R0, #0x30
  260 00000294 B500            PUSH             {LR}
  261 00000296 F7FF FFFE       BL               ST7735_OutChar ; prints out the
                                                             second digit
  262 0000029A F85D EB04       POP              {LR}
  263 0000029E         ;the third digit
  264 0000029E F8DC 1000       LDR              R1, [R12, #Remainder2]
  265 000002A2 F04F 020A       MOV              R2, #10
  266 000002A6 FBB1 F0F2       UDIV             R0, R1, R2
  267 000002AA FB00 F302       MUL              R3, R0, R2
  268 000002AE EBA1 0103       SUB              R1, R1, R3
  269 000002B2 F8CC 1000       STR              R1, [R12, #Remainder2]
  270 000002B6 F100 0030       ADD              R0, #0x30
  271 000002BA B500            PUSH             {LR}
  272 000002BC F7FF FFFE       BL               ST7735_OutChar ; prints out the
                                                             second digit
  273 000002C0 F85D EB04       POP              {LR}
  274 000002C4         ;the fourth and last digit
  275 000002C4 F8DC 0000       LDR              R0, [R12, #Remainder2]
  276 000002C8 F100 0030       ADD              R0, #0x30
  277 000002CC B500            PUSH             {LR}
  278 000002CE F7FF FFFE       BL               ST7735_OutChar ; prints out the
                                                             second digit
  279 000002D2 F85D EB04       POP              {LR}
  280 000002D6         
  281 000002D6 B001            ADD              SP, #4
  282 000002D8 4770            BX               LR
  283 000002DA         
  284 000002DA         Over
  285 000002DA F04F 002A       MOV              R0, #0x2A
  286 000002DE B500            PUSH             {LR}
  287 000002E0 F7FF FFFE       BL               ST7735_OutChar
  288 000002E4 F85D EB04       POP              {LR}
  289 000002E8         
  290 000002E8 F04F 002E       MOV              R0, #0x2E
  291 000002EC B500            PUSH             {LR}
  292 000002EE F7FF FFFE       BL               ST7735_OutChar
  293 000002F2 F85D EB04       POP              {LR}
  294 000002F6         
  295 000002F6 F04F 002A       MOV              R0, #0x2A
  296 000002FA B500            PUSH             {LR}
  297 000002FC F7FF FFFE       BL               ST7735_OutChar
  298 00000300 F85D EB04       POP              {LR}
  299 00000304         
  300 00000304 F04F 002A       MOV              R0, #0x2A



ARM Macro Assembler    Page 7 


  301 00000308 B500            PUSH             {LR}
  302 0000030A F7FF FFFE       BL               ST7735_OutChar
  303 0000030E F85D EB04       POP              {LR}
  304 00000312         
  305 00000312 F04F 002A       MOV              R0, #0x2A
  306 00000316 B500            PUSH             {LR}
  307 00000318 F7FF FFFE       BL               ST7735_OutChar
  308 0000031C F85D EB04       POP              {LR}
  309 00000320         
  310 00000320 4770            BX               LR
  311 00000322                 PRESERVE8
  312 00000322         
  313 00000322 00 00           ALIGN
  314 00000324         ;* * * * * * * * End of LCD_OutFix * * * * * * * *
  315 00000324         
  316 00000324                 ALIGN                        ; make sure the end
                                                             of this section is
                                                             aligned
  317 00000324                 END                          ; end of file
Command Line: --debug --xref --cpu=Cortex-M4 --apcs=interwork --depend=.\print.
d -o.\print.o -I"C:\Users\Michael\Desktop\New folder\ARM\RV31\INC" -I"C:\Users\
Michael\Desktop\New folder\ARM\CMSIS\Include" -I"C:\Users\Michael\Desktop\New f
older\ARM\Inc\Luminary" --predefine="__EVAL SETA 1" --list=.\print.lst Print.s



ARM Macro Assembler    Page 1 Alphabetic symbol ordering
Relocatable symbols

.text 00000000

Symbol: .text
   Definitions
      At line 17 in file Print.s
   Uses
      None
Comment: .text unused
LCD_OutDec 00000000

Symbol: LCD_OutDec
   Definitions
      At line 25 in file Print.s
   Uses
      At line 14 in file Print.s
Comment: LCD_OutDec used once
LCD_OutFix 0000023A

Symbol: LCD_OutFix
   Definitions
      At line 227 in file Print.s
   Uses
      At line 15 in file Print.s
Comment: LCD_OutFix used once
Over 000002DA

Symbol: Over
   Definitions
      At line 284 in file Print.s
   Uses
      At line 233 in file Print.s
Comment: Over used once
eighth 000001B4

Symbol: eighth
   Definitions
      At line 167 in file Print.s
   Uses
      At line 159 in file Print.s
Comment: eighth used once
fifth 00000104

Symbol: fifth
   Definitions
      At line 111 in file Print.s
   Uses
      At line 103 in file Print.s
Comment: fifth used once
fourth 000000C8

Symbol: fourth
   Definitions
      At line 92 in file Print.s
   Uses
      At line 84 in file Print.s
Comment: fourth used once
ninth 000001EC

Symbol: ninth



ARM Macro Assembler    Page 2 Alphabetic symbol ordering
Relocatable symbols

   Definitions
      At line 185 in file Print.s
   Uses
      At line 177 in file Print.s
Comment: ninth used once
second 00000048

Symbol: second
   Definitions
      At line 52 in file Print.s
   Uses
      At line 44 in file Print.s
Comment: second used once
seventh 0000017C

Symbol: seventh
   Definitions
      At line 149 in file Print.s
   Uses
      At line 141 in file Print.s
Comment: seventh used once
sixth 00000144

Symbol: sixth
   Definitions
      At line 131 in file Print.s
   Uses
      At line 123 in file Print.s
Comment: sixth used once
tenth 00000224

Symbol: tenth
   Definitions
      At line 203 in file Print.s
   Uses
      At line 195 in file Print.s
Comment: tenth used once
third 00000084

Symbol: third
   Definitions
      At line 71 in file Print.s
   Uses
      At line 63 in file Print.s
Comment: third used once
13 symbols



ARM Macro Assembler    Page 1 Alphabetic symbol ordering
Absolute symbols

Count 00000004

Symbol: Count
   Definitions
      At line 28 in file Print.s
   Uses
      At line 43 in file Print.s
      At line 46 in file Print.s
      At line 60 in file Print.s
      At line 65 in file Print.s
      At line 81 in file Print.s
      At line 86 in file Print.s
      At line 100 in file Print.s
      At line 105 in file Print.s
      At line 120 in file Print.s
      At line 125 in file Print.s
      At line 138 in file Print.s
      At line 143 in file Print.s
      At line 156 in file Print.s
      At line 161 in file Print.s
      At line 174 in file Print.s
      At line 179 in file Print.s
      At line 192 in file Print.s
      At line 197 in file Print.s

Remainder 00000000

Symbol: Remainder
   Definitions
      At line 27 in file Print.s
   Uses
      At line 40 in file Print.s
      At line 55 in file Print.s
      At line 59 in file Print.s
      At line 76 in file Print.s
      At line 80 in file Print.s
      At line 95 in file Print.s
      At line 99 in file Print.s
      At line 115 in file Print.s
      At line 119 in file Print.s
      At line 133 in file Print.s
      At line 137 in file Print.s
      At line 151 in file Print.s
      At line 155 in file Print.s
      At line 169 in file Print.s
      At line 173 in file Print.s
      At line 187 in file Print.s
      At line 191 in file Print.s
      At line 204 in file Print.s

Remainder2 00000000

Symbol: Remainder2
   Definitions
      At line 229 in file Print.s
   Uses
      At line 242 in file Print.s
      At line 253 in file Print.s
      At line 258 in file Print.s



ARM Macro Assembler    Page 2 Alphabetic symbol ordering
Absolute symbols

      At line 264 in file Print.s
      At line 269 in file Print.s
      At line 275 in file Print.s

3 symbols



ARM Macro Assembler    Page 1 Alphabetic symbol ordering
External symbols

ST7735_OutChar 00000000

Symbol: ST7735_OutChar
   Definitions
      At line 12 in file Print.s
   Uses
      At line 49 in file Print.s
      At line 68 in file Print.s
      At line 89 in file Print.s
      At line 108 in file Print.s
      At line 128 in file Print.s
      At line 146 in file Print.s
      At line 164 in file Print.s
      At line 182 in file Print.s
      At line 200 in file Print.s
      At line 207 in file Print.s
      At line 245 in file Print.s
      At line 250 in file Print.s
      At line 261 in file Print.s
      At line 272 in file Print.s
      At line 278 in file Print.s
      At line 287 in file Print.s
      At line 292 in file Print.s
      At line 297 in file Print.s
      At line 302 in file Print.s
      At line 307 in file Print.s

ST7735_OutString 00000000

Symbol: ST7735_OutString
   Definitions
      At line 13 in file Print.s
   Uses
      None
Comment: ST7735_OutString unused
2 symbols
349 symbols in table
