


ARM Macro Assembler    Page 1 


    1 00000000         ; LCD.s
    2 00000000         ; Student names: change this to your names or look very 
                       silly
    3 00000000         ; Last modification date: change this to the last modifi
                       cation date or look very silly
    4 00000000         
    5 00000000         ; Runs on LM4F120/TM4C123
    6 00000000         ; Use SSI0 to send an 8-bit code to the ST7735 160x128 p
                       ixel LCD.
    7 00000000         
    8 00000000         ; As part of Lab 7, students need to implement these LCD
                       _WriteCommand and LCD_WriteData
    9 00000000         ; This driver assumes two low-level LCD functions
   10 00000000         
   11 00000000         ; Backlight (pin 10) connected to +3.3 V
   12 00000000         ; MISO (pin 9) unconnected
   13 00000000         ; SCK (pin 8) connected to PA2 (SSI0Clk)
   14 00000000         ; MOSI (pin 7) connected to PA5 (SSI0Tx)
   15 00000000         ; TFT_CS (pin 6) connected to PA3 (SSI0Fss)
   16 00000000         ; CARD_CS (pin 5) unconnected
   17 00000000         ; Data/Command (pin 4) connected to PA6 (GPIO)
   18 00000000         ; RESET (pin 3) connected to PA7 (GPIO)
   19 00000000         ; VCC (pin 2) connected to +3.3 V
   20 00000000         ; Gnd (pin 1) connected to ground
   21 00000000         
   22 00000000 40004100 
                       DC      EQU              0x40004100
   23 00000000 00000000 
                       DC_COMMAND
                               EQU              0
   24 00000000 00000040 
                       DC_DATA EQU              0x40
   25 00000000 400043FC 
                       GPIO_PORTA_DATA_R
                               EQU              0x400043FC
   26 00000000 40008008 
                       SSI0_DR_R
                               EQU              0x40008008
   27 00000000 4000800C 
                       SSI0_SR_R
                               EQU              0x4000800C
   28 00000000 00000004 
                       SSI_SR_RNE
                               EQU              0x00000004  ; SSI Receive FIFO 
                                                            Not Empty
   29 00000000 00000010 
                       SSI_SR_BSY
                               EQU              0x00000010  ; SSI Busy Bit
   30 00000000 00000002 
                       SSI_SR_TNF
                               EQU              0x00000002  ; SSI Transmit FIFO
                                                             Not Full
   31 00000000         
   32 00000000                 EXPORT           writecommand
   33 00000000                 EXPORT           writedata
   34 00000000         
   35 00000000                 AREA             |.text|, CODE, READONLY, ALIGN=
2
   36 00000000                 THUMB



ARM Macro Assembler    Page 2 


   37 00000000                 ALIGN
   38 00000000         
   39 00000000         ; The Data/Command pin must be valid when the eighth bit
                        is
   40 00000000         ; sent.  The SSI module has hardware input and output FI
                       FOs
   41 00000000         ; that are 8 locations deep.  Based on the observation t
                       hat
   42 00000000         ; the LCD interface tends to send a few commands and the
                       n a
   43 00000000         ; lot of data, the FIFOs are not used when writing
   44 00000000         ; commands, and they are used when writing data.  This
   45 00000000         ; ensures that the Data/Command pin status matches the b
                       yte
   46 00000000         ; that is actually being transmitted.
   47 00000000         ; The write command operation waits until all data has b
                       een
   48 00000000         ; sent, configures the Data/Command pin for commands, se
                       nds
   49 00000000         ; the command, and then waits for the transmission to
   50 00000000         ; finish.
   51 00000000         ; The write data operation waits until there is room in 
                       the
   52 00000000         ; transmit FIFO, configures the Data/Command pin for dat
                       a,
   53 00000000         ; and then adds the data to the transmit FIFO.
   54 00000000         ; NOTE: These functions will crash or stall indefinitely
                        if
   55 00000000         ; the SSI0 module is not initialized and enabled.
   56 00000000         
   57 00000000         ; This is a helper function that sends an 8-bit command 
                       to the LCD.
   58 00000000         ; Input: R0  8-bit command to transmit
   59 00000000         ; Output: none
   60 00000000         ; Assumes: SSI0 and port A have already been initialized
                        and enabled
   61 00000000         writecommand
   62 00000000         ;; --UUU-- Code to write a command to the LCD
   63 00000000         ;1) Read SSI0_SR_R and check bit 4,
   64 00000000         Check
   65 00000000 4A0F            LDR              R2, =SSI0_SR_R
   66 00000002 6811            LDR              R1, [R2]
   67 00000004 F001 0110       AND              R1, #SSI_SR_BSY
   68 00000008 2900            CMP              R1, #0
   69 0000000A         ;2) If bit 4 is high, loop back to step 1 (wait for BUSY
                        bit to be low)
   70 0000000A D1F9            BNE              Check
   71 0000000C         ;3) Clear D/C=PA6 to zero
   72 0000000C 4A0D            LDR              R2, =DC
   73 0000000E F04F 0300       MOV              R3, #DC_COMMAND
   74 00000012 6013            STR              R3, [R2]
   75 00000014         ;4) Write the command to SSI0_DR_R
   76 00000014 4A0C            LDR              R2, =SSI0_DR_R
   77 00000016 6010            STR              R0, [R2]
   78 00000018         ;5) Read SSI0_SR_R and check bit 4, 
   79 00000018         Check2
   80 00000018 4A09            LDR              R2, =SSI0_SR_R
   81 0000001A 6811            LDR              R1, [R2]
   82 0000001C F001 0110       AND              R1, #SSI_SR_BSY



ARM Macro Assembler    Page 3 


   83 00000020 2900            CMP              R1, #0
   84 00000022         ;6) If bit 4 is high, loop back to step 5 (wait for BUSY
                        bit to be low)
   85 00000022 D1F9            BNE              Check2
   86 00000024         
   87 00000024 4770            BX               LR          ;   return
   88 00000026         
   89 00000026         
   90 00000026         ; This is a helper function that sends an 8-bit data to 
                       the LCD.
   91 00000026         ; Input: R0  8-bit data to transmit
   92 00000026         ; Output: none
   93 00000026         ; Assumes: SSI0 and port A have already been initialized
                        and enabled
   94 00000026         writedata
   95 00000026         ;; --UUU-- Code to write data to the LCD
   96 00000026         ;1) Read SSI0_SR_R and check bit 1, 
   97 00000026         Check3
   98 00000026 4A06            LDR              R2, =SSI0_SR_R
   99 00000028 6811            LDR              R1, [R2]
  100 0000002A F001 0102       AND              R1, #SSI_SR_TNF
  101 0000002E 2900            CMP              R1, #0
  102 00000030         ;2) If bit 1 is low loop back to step 1 (wait for TNF bi
                       t to be high)
  103 00000030 D0F9            BEQ              Check3
  104 00000032         ;3) Set D/C=PA6 to one
  105 00000032 4A04            LDR              R2, =DC
  106 00000034 F04F 0340       MOV              R3, #DC_DATA
  107 00000038 6013            STR              R3, [R2]
  108 0000003A         ;4) Write the 8-bit data to SSI0_DR_R
  109 0000003A 4A03            LDR              R2, =SSI0_DR_R
  110 0000003C 6010            STR              R0, [R2]
  111 0000003E         
  112 0000003E         
  113 0000003E 4770            BX               LR          ;   return
  114 00000040         
  115 00000040         
  116 00000040         ;***************************************************
  117 00000040         ; This is a library for the Adafruit 1.8" SPI display.
  118 00000040         ; This library works with the Adafruit 1.8" TFT Breakout
                        w/SD card
  119 00000040         ; ----> http://www.adafruit.com/products/358
  120 00000040         ; as well as Adafruit raw 1.8" TFT display
  121 00000040         ; ----> http://www.adafruit.com/products/618
  122 00000040         ;
  123 00000040         ; Check out the links above for our tutorials and wiring
                        diagrams
  124 00000040         ; These displays use SPI to communicate, 4 or 5 pins are
                        required to
  125 00000040         ; interface (RST is optional)
  126 00000040         ; Adafruit invests time and resources providing this ope
                       n source code,
  127 00000040         ; please support Adafruit and open-source hardware by pu
                       rchasing
  128 00000040         ; products from Adafruit!
  129 00000040         ;
  130 00000040         ; Written by Limor Fried/Ladyada for Adafruit Industries
                       .
  131 00000040         ; MIT license, all text above must be included in any re



ARM Macro Assembler    Page 4 


                       distribution
  132 00000040         ;****************************************************
  133 00000040         
  134 00000040                 ALIGN                        ; make sure the end
                                                             of this section is
                                                             aligned
  135 00000040                 END                          ; end of file
              4000800C 
              40004100 
              40008008 
Command Line: --debug --xref --cpu=Cortex-M4 --apcs=interwork --depend=.\lcd.d 
-o.\lcd.o -I"C:\Users\Michael\Desktop\New folder\ARM\RV31\INC" -I"C:\Users\Mich
ael\Desktop\New folder\ARM\CMSIS\Include" -I"C:\Users\Michael\Desktop\New folde
r\ARM\Inc\Luminary" --predefine="__EVAL SETA 1" --list=.\lcd.lst LCD.s



ARM Macro Assembler    Page 1 Alphabetic symbol ordering
Relocatable symbols

.text 00000000

Symbol: .text
   Definitions
      At line 35 in file LCD.s
   Uses
      None
Comment: .text unused
Check 00000000

Symbol: Check
   Definitions
      At line 64 in file LCD.s
   Uses
      At line 70 in file LCD.s
Comment: Check used once
Check2 00000018

Symbol: Check2
   Definitions
      At line 79 in file LCD.s
   Uses
      At line 85 in file LCD.s
Comment: Check2 used once
Check3 00000026

Symbol: Check3
   Definitions
      At line 97 in file LCD.s
   Uses
      At line 103 in file LCD.s
Comment: Check3 used once
writecommand 00000000

Symbol: writecommand
   Definitions
      At line 61 in file LCD.s
   Uses
      At line 32 in file LCD.s
Comment: writecommand used once
writedata 00000026

Symbol: writedata
   Definitions
      At line 94 in file LCD.s
   Uses
      At line 33 in file LCD.s
Comment: writedata used once
6 symbols



ARM Macro Assembler    Page 1 Alphabetic symbol ordering
Absolute symbols

DC 40004100

Symbol: DC
   Definitions
      At line 22 in file LCD.s
   Uses
      At line 72 in file LCD.s
      At line 105 in file LCD.s

DC_COMMAND 00000000

Symbol: DC_COMMAND
   Definitions
      At line 23 in file LCD.s
   Uses
      At line 73 in file LCD.s
Comment: DC_COMMAND used once
DC_DATA 00000040

Symbol: DC_DATA
   Definitions
      At line 24 in file LCD.s
   Uses
      At line 106 in file LCD.s
Comment: DC_DATA used once
GPIO_PORTA_DATA_R 400043FC

Symbol: GPIO_PORTA_DATA_R
   Definitions
      At line 25 in file LCD.s
   Uses
      None
Comment: GPIO_PORTA_DATA_R unused
SSI0_DR_R 40008008

Symbol: SSI0_DR_R
   Definitions
      At line 26 in file LCD.s
   Uses
      At line 76 in file LCD.s
      At line 109 in file LCD.s

SSI0_SR_R 4000800C

Symbol: SSI0_SR_R
   Definitions
      At line 27 in file LCD.s
   Uses
      At line 65 in file LCD.s
      At line 80 in file LCD.s
      At line 98 in file LCD.s

SSI_SR_BSY 00000010

Symbol: SSI_SR_BSY
   Definitions
      At line 29 in file LCD.s
   Uses
      At line 67 in file LCD.s



ARM Macro Assembler    Page 2 Alphabetic symbol ordering
Absolute symbols

      At line 82 in file LCD.s

SSI_SR_RNE 00000004

Symbol: SSI_SR_RNE
   Definitions
      At line 28 in file LCD.s
   Uses
      None
Comment: SSI_SR_RNE unused
SSI_SR_TNF 00000002

Symbol: SSI_SR_TNF
   Definitions
      At line 30 in file LCD.s
   Uses
      At line 100 in file LCD.s
Comment: SSI_SR_TNF used once
9 symbols
348 symbols in table
