


ARM Macro Assembler    Page 1 


    1 00000000         ; Print.s
    2 00000000         ; Student names: change this to your names or look very 
                       silly
    3 00000000         ; Last modification date: change this to the last modifi
                       cation date or look very silly
    4 00000000         ; Runs on LM4F120 or TM4C123
    5 00000000         ; EE319K lab 7 device driver for any LCD
    6 00000000         ;
    7 00000000         ; As part of Lab 7, students need to implement these LCD
                       _OutDec and LCD_OutFix
    8 00000000         ; This driver assumes two low-level LCD functions
    9 00000000         ; ST7735_OutChar   outputs a single 8-bit ASCII characte
                       r
   10 00000000         ; ST7735_OutString outputs a null-terminated string 
   11 00000000         
   12 00000000                 IMPORT           ST7735_OutChar
   13 00000000                 IMPORT           ST7735_OutString
   14 00000000                 EXPORT           LCD_OutDec
   15 00000000                 EXPORT           LCD_OutFix
   16 00000000         
   17 00000000                 AREA             |.text|, CODE, READONLY, ALIGN=
2
   18 00000000                 THUMB
   19 00000000         
   20 00000000         
   21 00000000         
   22 00000000         ;-----------------------LCD_OutDec----------------------
                       -
   23 00000000         ; Output a 32-bit number in unsigned decimal format
   24 00000000         ; Input: R0 (call by value) 32-bit unsigned number
   25 00000000         ; Output: none
   26 00000000         ; Invariables: This function must not permanently modify
                        registers R4 to R11
   27 00000000         LCD_OutDec
   28 00000000         
   29 00000000 00000000 
                       Remainder
                               EQU              0           ; binding
   30 00000000 00000004 
                       Count   EQU              4
   31 00000000         
   32 00000000 B082            SUB              SP, #8
   33 00000002 46EC            MOV              R12, SP     ; stack frame point
                                                            er
   34 00000004 F242 7210       MOV              R2, #10000  ; 1 000 000 000
   35 00000008 FB02 F202       MUL              R2, R2, R2
   36 0000000C F04F 010A       MOV              R1, #10
   37 00000010 FB02 F201       MUL              R2, R2, R1
   38 00000014 4601            MOV              R1, R0
   39 00000016 FBB1 F0F2       UDIV             R0, R1, R2
   40 0000001A FB00 F302       MUL              R3, R0, R2
   41 0000001E EBA1 0103       SUB              R1, R1, R3
   42 00000022 F8CC 1000       STR              R1, [R12, #Remainder]
   43 00000026 2800            CMP              R0, #0
   44 00000028 F04F 0300       MOV              R3, #0
   45 0000002C F8CC 3004       STR              R3, [R12, #Count]
   46 00000030 D00A            BEQ              second      ; the first digit i
                                                            s a 0, do not print
                                                            



ARM Macro Assembler    Page 2 


   47 00000032 F04F 0301       MOV              R3, #1      ; increase the coun
                                                            t
   48 00000036 F8CC 3004       STR              R3, [R12, #Count]
   49 0000003A F100 0030       ADD              R0, #0x30
   50 0000003E B500            PUSH             {LR}
   51 00000040 F7FF FFFE       BL               ST7735_OutChar ; prints out the
                                                             first digit
   52 00000044 F85D EB04       POP              {LR}
   53 00000048         
   54 00000048         second
   55 00000048 F242 7210       MOV              R2, #10000  ; 100 000 000
   56 0000004C FB02 F202       MUL              R2, R2, R2
   57 00000050 F8DC 1000       LDR              R1, [R12, #Remainder]
   58 00000054 FBB1 F0F2       UDIV             R0, R1, R2
   59 00000058 FB00 F302       MUL              R3, R0, R2
   60 0000005C EBA1 0103       SUB              R1, R1, R3
   61 00000060 F8CC 1000       STR              R1, [R12, #Remainder]
   62 00000064 F8DC 1004       LDR              R1, [R12, #Count]
   63 00000068 4401            ADD              R1, R0
   64 0000006A 2900            CMP              R1, #0      ; if the count and 
                                                            the curret digit ar
                                                            e both zero, we do 
                                                            not print anything
   65 0000006C D00A            BEQ              third
   66 0000006E F04F 0301       MOV              R3, #1
   67 00000072 F8CC 3004       STR              R3, [R12, #Count]
   68 00000076 F100 0030       ADD              R0, #0x30
   69 0000007A B500            PUSH             {LR}
   70 0000007C F7FF FFFE       BL               ST7735_OutChar ; prints out the
                                                             second digit
   71 00000080 F85D EB04       POP              {LR}
   72 00000084         
   73 00000084         third
   74 00000084 F44F 727A       MOV              R2, #1000   ; 10 000 000
   75 00000088 FB02 F202       MUL              R2, R2, R2
   76 0000008C F04F 010A       MOV              R1, #10
   77 00000090 FB02 F201       MUL              R2, R2, R1
   78 00000094 F8DC 1000       LDR              R1, [R12, #Remainder]
   79 00000098 FBB1 F0F2       UDIV             R0, R1, R2
   80 0000009C FB00 F302       MUL              R3, R0, R2
   81 000000A0 EBA1 0103       SUB              R1, R1, R3
   82 000000A4 F8CC 1000       STR              R1, [R12, #Remainder]
   83 000000A8 F8DC 1004       LDR              R1, [R12, #Count]
   84 000000AC 4401            ADD              R1, R0
   85 000000AE 2900            CMP              R1, #0      ; if the count and 
                                                            the curret digit ar
                                                            e both zero, we do 
                                                            not print anything
   86 000000B0 D00A            BEQ              fourth
   87 000000B2 F04F 0301       MOV              R3, #1
   88 000000B6 F8CC 3004       STR              R3, [R12, #Count]
   89 000000BA F100 0030       ADD              R0, #0x30
   90 000000BE B500            PUSH             {LR}
   91 000000C0 F7FF FFFE       BL               ST7735_OutChar ; prints out the
                                                             second digit
   92 000000C4 F85D EB04       POP              {LR}
   93 000000C8         
   94 000000C8         fourth
   95 000000C8 F44F 727A       MOV              R2, #1000   ; 1 000 000



ARM Macro Assembler    Page 3 


   96 000000CC FB02 F202       MUL              R2, R2, R2
   97 000000D0 F8DC 1000       LDR              R1, [R12, #Remainder]
   98 000000D4 FBB1 F0F2       UDIV             R0, R1, R2
   99 000000D8 FB00 F302       MUL              R3, R0, R2
  100 000000DC EBA1 0103       SUB              R1, R1, R3
  101 000000E0 F8CC 1000       STR              R1, [R12, #Remainder]
  102 000000E4 F8DC 1004       LDR              R1, [R12, #Count]
  103 000000E8 4401            ADD              R1, R0
  104 000000EA 2900            CMP              R1, #0      ; if the count and 
                                                            the curret digit ar
                                                            e both zero, we do 
                                                            not print anything
  105 000000EC D00A            BEQ              fifth
  106 000000EE F04F 0301       MOV              R3, #1
  107 000000F2 F8CC 3004       STR              R3, [R12, #Count]
  108 000000F6 F100 0030       ADD              R0, #0x30
  109 000000FA B500            PUSH             {LR}
  110 000000FC F7FF FFFE       BL               ST7735_OutChar ; prints out the
                                                             second digit
  111 00000100 F85D EB04       POP              {LR}
  112 00000104         
  113 00000104         fifth
  114 00000104 F44F 727A       MOV              R2, #1000   ; 100 000
  115 00000108 F04F 0164       MOV              R1, #100
  116 0000010C FB02 F201       MUL              R2, R2, R1
  117 00000110 F8DC 1000       LDR              R1, [R12, #Remainder]
  118 00000114 FBB1 F0F2       UDIV             R0, R1, R2
  119 00000118 FB00 F302       MUL              R3, R0, R2
  120 0000011C EBA1 0103       SUB              R1, R1, R3
  121 00000120 F8CC 1000       STR              R1, [R12, #Remainder]
  122 00000124 F8DC 1004       LDR              R1, [R12, #Count]
  123 00000128 4401            ADD              R1, R0
  124 0000012A 2900            CMP              R1, #0      ; if the count and 
                                                            the curret digit ar
                                                            e both zero, we do 
                                                            not print anything
  125 0000012C D00A            BEQ              sixth
  126 0000012E F04F 0301       MOV              R3, #1
  127 00000132 F8CC 3004       STR              R3, [R12, #Count]
  128 00000136 F100 0030       ADD              R0, #0x30
  129 0000013A B500            PUSH             {LR}
  130 0000013C F7FF FFFE       BL               ST7735_OutChar ; prints out the
                                                             second digit
  131 00000140 F85D EB04       POP              {LR}
  132 00000144         
  133 00000144         sixth
  134 00000144 F242 7210       MOV              R2, #10000
  135 00000148 F8DC 1000       LDR              R1, [R12, #Remainder]
  136 0000014C FBB1 F0F2       UDIV             R0, R1, R2
  137 00000150 FB00 F302       MUL              R3, R0, R2
  138 00000154 EBA1 0103       SUB              R1, R1, R3
  139 00000158 F8CC 1000       STR              R1, [R12, #Remainder]
  140 0000015C F8DC 1004       LDR              R1, [R12, #Count]
  141 00000160 4401            ADD              R1, R0
  142 00000162 2900            CMP              R1, #0      ; if the count and 
                                                            the curret digit ar
                                                            e both zero, we do 
                                                            not print anything
  143 00000164 D00A            BEQ              seventh



ARM Macro Assembler    Page 4 


  144 00000166 F04F 0301       MOV              R3, #1
  145 0000016A F8CC 3004       STR              R3, [R12, #Count]
  146 0000016E F100 0030       ADD              R0, #0x30
  147 00000172 B500            PUSH             {LR}
  148 00000174 F7FF FFFE       BL               ST7735_OutChar
  149 00000178 F85D EB04       POP              {LR}
  150 0000017C         
  151 0000017C         seventh
  152 0000017C F44F 727A       MOV              R2, #1000
  153 00000180 F8DC 1000       LDR              R1, [R12, #Remainder]
  154 00000184 FBB1 F0F2       UDIV             R0, R1, R2
  155 00000188 FB00 F302       MUL              R3, R0, R2
  156 0000018C EBA1 0103       SUB              R1, R1, R3
  157 00000190 F8CC 1000       STR              R1, [R12, #Remainder]
  158 00000194 F8DC 1004       LDR              R1, [R12, #Count]
  159 00000198 4401            ADD              R1, R0
  160 0000019A 2900            CMP              R1, #0      ; if the count and 
                                                            the curret digit ar
                                                            e both zero, we do 
                                                            not print anything
  161 0000019C D00A            BEQ              eighth
  162 0000019E F04F 0301       MOV              R3, #1
  163 000001A2 F8CC 3004       STR              R3, [R12, #Count]
  164 000001A6 F100 0030       ADD              R0, #0x30
  165 000001AA B500            PUSH             {LR}
  166 000001AC F7FF FFFE       BL               ST7735_OutChar
  167 000001B0 F85D EB04       POP              {LR}
  168 000001B4         
  169 000001B4         eighth
  170 000001B4 F04F 0264       MOV              R2, #100
  171 000001B8 F8DC 1000       LDR              R1, [R12, #Remainder]
  172 000001BC FBB1 F0F2       UDIV             R0, R1, R2
  173 000001C0 FB00 F302       MUL              R3, R0, R2
  174 000001C4 EBA1 0103       SUB              R1, R1, R3
  175 000001C8 F8CC 1000       STR              R1, [R12, #Remainder]
  176 000001CC F8DC 1004       LDR              R1, [R12, #Count]
  177 000001D0 4401            ADD              R1, R0
  178 000001D2 2900            CMP              R1, #0      ; if the count and 
                                                            the curret digit ar
                                                            e both zero, we do 
                                                            not print anything
  179 000001D4 D00A            BEQ              ninth
  180 000001D6 F04F 0301       MOV              R3, #1
  181 000001DA F8CC 3004       STR              R3, [R12, #Count]
  182 000001DE F100 0030       ADD              R0, #0x30
  183 000001E2 B500            PUSH             {LR}
  184 000001E4 F7FF FFFE       BL               ST7735_OutChar
  185 000001E8 F85D EB04       POP              {LR}
  186 000001EC         
  187 000001EC         ninth
  188 000001EC F04F 020A       MOV              R2, #10
  189 000001F0 F8DC 1000       LDR              R1, [R12, #Remainder]
  190 000001F4 FBB1 F0F2       UDIV             R0, R1, R2
  191 000001F8 FB00 F302       MUL              R3, R0, R2
  192 000001FC EBA1 0103       SUB              R1, R1, R3
  193 00000200 F8CC 1000       STR              R1, [R12, #Remainder]
  194 00000204 F8DC 1004       LDR              R1, [R12, #Count]
  195 00000208 4401            ADD              R1, R0
  196 0000020A 2900            CMP              R1, #0      ; if the count and 



ARM Macro Assembler    Page 5 


                                                            the curret digit ar
                                                            e both zero, we do 
                                                            not print anything
  197 0000020C D00A            BEQ              tenth
  198 0000020E F04F 0301       MOV              R3, #1
  199 00000212 F8CC 3004       STR              R3, [R12, #Count]
  200 00000216 F100 0030       ADD              R0, #0x30
  201 0000021A B500            PUSH             {LR}
  202 0000021C F7FF FFFE       BL               ST7735_OutChar
  203 00000220 F85D EB04       POP              {LR}
  204 00000224         
  205 00000224         tenth
  206 00000224 F8DC 0000       LDR              R0, [R12, #Remainder]
  207 00000228 F100 0030       ADD              R0, #0x30
  208 0000022C B500            PUSH             {LR}
  209 0000022E F7FF FFFE       BL               ST7735_OutChar
  210 00000232 F85D EB04       POP              {LR}
  211 00000236 B002            ADD              SP, #8
  212 00000238         
  213 00000238 4770            BX               LR
  214 0000023A                 PRESERVE8
  215 0000023A         
  216 0000023A         ;* * * * * * * * End of LCD_OutDec * * * * * * * *
  217 0000023A         
  218 0000023A         ; -----------------------LCD _OutFix--------------------
                       --
  219 0000023A         ; Output characters to LCD display in fixed-point format
                       
  220 0000023A         ; unsigned decimal, resolution 0.001, range 0.000 to 9.9
                       99
  221 0000023A         ; Inputs:  R0 is an unsigned 32-bit number
  222 0000023A         ; Outputs: none
  223 0000023A         ; E.g., R0=0,    then output "0.000 "
  224 0000023A         ;       R0=3,    then output "0.003 "
  225 0000023A         ;       R0=89,   then output "0.089 "
  226 0000023A         ;       R0=123,  then output "0.123 "
  227 0000023A         ;       R0=9999, then output "9.999 "
  228 0000023A         ;       R0>9999, then output "*.*** "
  229 0000023A         ; Invariables: This function must not permanently modify
                        registers R4 to R11
  230 0000023A         LCD_OutFix
  231 0000023A         
  232 0000023A 00000000 
                       Remainder2
                               EQU              0           ; binding
  233 0000023A         
  234 0000023A F242 710F       MOV              R1, #9999
  235 0000023E 4288            CMP              R0, R1
  236 00000240 D84B            BHI              Over
  237 00000242         ;the first digit 
  238 00000242 B081            SUB              SP, #4
  239 00000244 46EC            MOV              R12, SP
  240 00000246 F44F 727A       MOV              R2, #1000
  241 0000024A 4601            MOV              R1, R0
  242 0000024C FBB1 F0F2       UDIV             R0, R1, R2
  243 00000250 FB00 F302       MUL              R3, R0, R2
  244 00000254 EBA1 0103       SUB              R1, R1, R3
  245 00000258 F8CC 1000       STR              R1, [R12, #Remainder2]
  246 0000025C F100 0030       ADD              R0, #0x30



ARM Macro Assembler    Page 6 


  247 00000260 B500            PUSH             {LR}
  248 00000262 F7FF FFFE       BL               ST7735_OutChar ; prints out the
                                                             first digit
  249 00000266 F85D EB04       POP              {LR}
  250 0000026A         ;the decimal point 
  251 0000026A F04F 002E       MOV              R0, #0x2E
  252 0000026E B500            PUSH             {LR}
  253 00000270 F7FF FFFE       BL               ST7735_OutChar ; prints out the
                                                             decimal point
  254 00000274 F85D EB04       POP              {LR}
  255 00000278         ;the second digit
  256 00000278 F8DC 1000       LDR              R1, [R12, #Remainder2]
  257 0000027C F04F 0264       MOV              R2, #100
  258 00000280 FBB1 F0F2       UDIV             R0, R1, R2
  259 00000284 FB00 F302       MUL              R3, R0, R2
  260 00000288 EBA1 0103       SUB              R1, R1, R3
  261 0000028C F8CC 1000       STR              R1, [R12, #Remainder2]
  262 00000290 F100 0030       ADD              R0, #0x30
  263 00000294 B500            PUSH             {LR}
  264 00000296 F7FF FFFE       BL               ST7735_OutChar ; prints out the
                                                             second digit
  265 0000029A F85D EB04       POP              {LR}
  266 0000029E         ;the third digit
  267 0000029E F8DC 1000       LDR              R1, [R12, #Remainder2]
  268 000002A2 F04F 020A       MOV              R2, #10
  269 000002A6 FBB1 F0F2       UDIV             R0, R1, R2
  270 000002AA FB00 F302       MUL              R3, R0, R2
  271 000002AE EBA1 0103       SUB              R1, R1, R3
  272 000002B2 F8CC 1000       STR              R1, [R12, #Remainder2]
  273 000002B6 F100 0030       ADD              R0, #0x30
  274 000002BA B500            PUSH             {LR}
  275 000002BC F7FF FFFE       BL               ST7735_OutChar ; prints out the
                                                             second digit
  276 000002C0 F85D EB04       POP              {LR}
  277 000002C4         ;the fourth and last digit
  278 000002C4 F8DC 0000       LDR              R0, [R12, #Remainder2]
  279 000002C8 F100 0030       ADD              R0, #0x30
  280 000002CC B500            PUSH             {LR}
  281 000002CE F7FF FFFE       BL               ST7735_OutChar ; prints out the
                                                             second digit
  282 000002D2 F85D EB04       POP              {LR}
  283 000002D6         
  284 000002D6 B001            ADD              SP, #4
  285 000002D8 4770            BX               LR
  286 000002DA         
  287 000002DA         Over
  288 000002DA F04F 002A       MOV              R0, #0x2A
  289 000002DE B500            PUSH             {LR}
  290 000002E0 F7FF FFFE       BL               ST7735_OutChar
  291 000002E4 F85D EB04       POP              {LR}
  292 000002E8         
  293 000002E8 F04F 002E       MOV              R0, #0x2E
  294 000002EC B500            PUSH             {LR}
  295 000002EE F7FF FFFE       BL               ST7735_OutChar
  296 000002F2 F85D EB04       POP              {LR}
  297 000002F6         
  298 000002F6 F04F 002A       MOV              R0, #0x2A
  299 000002FA B500            PUSH             {LR}
  300 000002FC F7FF FFFE       BL               ST7735_OutChar



ARM Macro Assembler    Page 7 


  301 00000300 F85D EB04       POP              {LR}
  302 00000304         
  303 00000304 F04F 002A       MOV              R0, #0x2A
  304 00000308 B500            PUSH             {LR}
  305 0000030A F7FF FFFE       BL               ST7735_OutChar
  306 0000030E F85D EB04       POP              {LR}
  307 00000312         
  308 00000312 F04F 002A       MOV              R0, #0x2A
  309 00000316 B500            PUSH             {LR}
  310 00000318 F7FF FFFE       BL               ST7735_OutChar
  311 0000031C F85D EB04       POP              {LR}
  312 00000320         
  313 00000320 4770            BX               LR
  314 00000322                 PRESERVE8
  315 00000322         
  316 00000322 00 00           ALIGN
  317 00000324         ;* * * * * * * * End of LCD_OutFix * * * * * * * *
  318 00000324         
  319 00000324                 ALIGN                        ; make sure the end
                                                             of this section is
                                                             aligned
  320 00000324                 END                          ; end of file
Command Line: --debug --xref --cpu=Cortex-M4 --apcs=interwork --depend=.\print.
d -o.\print.o -I"C:\Users\Michael\Desktop\New folder\ARM\RV31\INC" -I"C:\Users\
Michael\Desktop\New folder\ARM\CMSIS\Include" -I"C:\Users\Michael\Desktop\New f
older\ARM\Inc\Luminary" --predefine="__EVAL SETA 1" --list=.\print.lst Print.s



ARM Macro Assembler    Page 1 Alphabetic symbol ordering
Relocatable symbols

.text 00000000

Symbol: .text
   Definitions
      At line 17 in file Print.s
   Uses
      None
Comment: .text unused
LCD_OutDec 00000000

Symbol: LCD_OutDec
   Definitions
      At line 27 in file Print.s
   Uses
      At line 14 in file Print.s
Comment: LCD_OutDec used once
LCD_OutFix 0000023A

Symbol: LCD_OutFix
   Definitions
      At line 230 in file Print.s
   Uses
      At line 15 in file Print.s
Comment: LCD_OutFix used once
Over 000002DA

Symbol: Over
   Definitions
      At line 287 in file Print.s
   Uses
      At line 236 in file Print.s
Comment: Over used once
eighth 000001B4

Symbol: eighth
   Definitions
      At line 169 in file Print.s
   Uses
      At line 161 in file Print.s
Comment: eighth used once
fifth 00000104

Symbol: fifth
   Definitions
      At line 113 in file Print.s
   Uses
      At line 105 in file Print.s
Comment: fifth used once
fourth 000000C8

Symbol: fourth
   Definitions
      At line 94 in file Print.s
   Uses
      At line 86 in file Print.s
Comment: fourth used once
ninth 000001EC

Symbol: ninth



ARM Macro Assembler    Page 2 Alphabetic symbol ordering
Relocatable symbols

   Definitions
      At line 187 in file Print.s
   Uses
      At line 179 in file Print.s
Comment: ninth used once
second 00000048

Symbol: second
   Definitions
      At line 54 in file Print.s
   Uses
      At line 46 in file Print.s
Comment: second used once
seventh 0000017C

Symbol: seventh
   Definitions
      At line 151 in file Print.s
   Uses
      At line 143 in file Print.s
Comment: seventh used once
sixth 00000144

Symbol: sixth
   Definitions
      At line 133 in file Print.s
   Uses
      At line 125 in file Print.s
Comment: sixth used once
tenth 00000224

Symbol: tenth
   Definitions
      At line 205 in file Print.s
   Uses
      At line 197 in file Print.s
Comment: tenth used once
third 00000084

Symbol: third
   Definitions
      At line 73 in file Print.s
   Uses
      At line 65 in file Print.s
Comment: third used once
13 symbols



ARM Macro Assembler    Page 1 Alphabetic symbol ordering
Absolute symbols

Count 00000004

Symbol: Count
   Definitions
      At line 30 in file Print.s
   Uses
      At line 45 in file Print.s
      At line 48 in file Print.s
      At line 62 in file Print.s
      At line 67 in file Print.s
      At line 83 in file Print.s
      At line 88 in file Print.s
      At line 102 in file Print.s
      At line 107 in file Print.s
      At line 122 in file Print.s
      At line 127 in file Print.s
      At line 140 in file Print.s
      At line 145 in file Print.s
      At line 158 in file Print.s
      At line 163 in file Print.s
      At line 176 in file Print.s
      At line 181 in file Print.s
      At line 194 in file Print.s
      At line 199 in file Print.s

Remainder 00000000

Symbol: Remainder
   Definitions
      At line 29 in file Print.s
   Uses
      At line 42 in file Print.s
      At line 57 in file Print.s
      At line 61 in file Print.s
      At line 78 in file Print.s
      At line 82 in file Print.s
      At line 97 in file Print.s
      At line 101 in file Print.s
      At line 117 in file Print.s
      At line 121 in file Print.s
      At line 135 in file Print.s
      At line 139 in file Print.s
      At line 153 in file Print.s
      At line 157 in file Print.s
      At line 171 in file Print.s
      At line 175 in file Print.s
      At line 189 in file Print.s
      At line 193 in file Print.s
      At line 206 in file Print.s

Remainder2 00000000

Symbol: Remainder2
   Definitions
      At line 232 in file Print.s
   Uses
      At line 245 in file Print.s
      At line 256 in file Print.s
      At line 261 in file Print.s



ARM Macro Assembler    Page 2 Alphabetic symbol ordering
Absolute symbols

      At line 267 in file Print.s
      At line 272 in file Print.s
      At line 278 in file Print.s

3 symbols



ARM Macro Assembler    Page 1 Alphabetic symbol ordering
External symbols

ST7735_OutChar 00000000

Symbol: ST7735_OutChar
   Definitions
      At line 12 in file Print.s
   Uses
      At line 51 in file Print.s
      At line 70 in file Print.s
      At line 91 in file Print.s
      At line 110 in file Print.s
      At line 130 in file Print.s
      At line 148 in file Print.s
      At line 166 in file Print.s
      At line 184 in file Print.s
      At line 202 in file Print.s
      At line 209 in file Print.s
      At line 248 in file Print.s
      At line 253 in file Print.s
      At line 264 in file Print.s
      At line 275 in file Print.s
      At line 281 in file Print.s
      At line 290 in file Print.s
      At line 295 in file Print.s
      At line 300 in file Print.s
      At line 305 in file Print.s
      At line 310 in file Print.s

ST7735_OutString 00000000

Symbol: ST7735_OutString
   Definitions
      At line 13 in file Print.s
   Uses
      None
Comment: ST7735_OutString unused
2 symbols
349 symbols in table
